# JRE version: OpenJDK Runtime Environment (8.0_242-b01) (build 1.8.0_242-release-1644-b01)
# Java VM: OpenJDK 64-Bit Server VM (25.242-b01 mixed mode windows-amd64 compressed oops)
Heap:
 PSYoungGen      total 141824K, used 37130K [0x00000000eab00000, 0x00000000f4000000, 0x0000000100000000)
  eden space 131072K, 20% used [0x00000000eab00000,0x00000000ec4c5530,0x00000000f2b00000)
  from space 10752K, 99% used [0x00000000f2b00000,0x00000000f357d510,0x00000000f3580000)
  to   space 10752K, 0% used [0x00000000f3580000,0x00000000f3580000,0x00000000f4000000)
 ParOldGen       total 151040K, used 16815K [0x00000000c0000000, 0x00000000c9380000, 0x00000000eab00000)
  object space 151040K, 11% used [0x00000000c0000000,0x00000000c106be10,0x00000000c9380000)
 Metaspace       used 44074K, capacity 45844K, committed 46120K, reserved 1089536K
  class space    used 5946K, capacity 6353K, committed 6440K, reserved 1048576K
GC Heap History (10 events):
Event: 2.742 GC heap before
{Heap before GC invocations=5 (full 1):
 PSYoungGen      total 141824K, used 7760K [0x00000000eab00000, 0x00000000f4000000, 0x0000000100000000)
  eden space 131072K, 0% used [0x00000000eab00000,0x00000000eab00000,0x00000000f2b00000)
  from space 10752K, 72% used [0x00000000f3580000,0x00000000f3d14040,0x00000000f4000000)
  to   space 10752K, 0% used [0x00000000f2b00000,0x00000000f2b00000,0x00000000f3580000)
 ParOldGen       total 175104K, used 1076K [0x00000000c0000000, 0x00000000cab00000, 0x00000000eab00000)
  object space 175104K, 0% used [0x00000000c0000000,0x00000000c010d2b0,0x00000000cab00000)
 Metaspace       used 20556K, capacity 21288K, committed 21296K, reserved 1067008K
  class space    used 2879K, capacity 3114K, committed 3120K, reserved 1048576K
Event: 2.782 GC heap after
Heap after GC invocations=5 (full 1):
 PSYoungGen      total 141824K, used 0K [0x00000000eab00000, 0x00000000f4000000, 0x0000000100000000)
  eden space 131072K, 0% used [0x00000000eab00000,0x00000000eab00000,0x00000000f2b00000)
  from space 10752K, 0% used [0x00000000f3580000,0x00000000f3580000,0x00000000f4000000)
  to   space 10752K, 0% used [0x00000000f2b00000,0x00000000f2b00000,0x00000000f3580000)
 ParOldGen       total 96256K, used 7635K [0x00000000c0000000, 0x00000000c5e00000, 0x00000000eab00000)
  object space 96256K, 7% used [0x00000000c0000000,0x00000000c0774fc8,0x00000000c5e00000)
 Metaspace       used 20556K, capacity 21288K, committed 21296K, reserved 1067008K
  class space    used 2879K, capacity 3114K, committed 3120K, reserved 1048576K
}
Event: 3.979 GC heap before
{Heap before GC invocations=6 (full 1):
 PSYoungGen      total 141824K, used 131072K [0x00000000eab00000, 0x00000000f4000000, 0x0000000100000000)
  eden space 131072K, 100% used [0x00000000eab00000,0x00000000f2b00000,0x00000000f2b00000)
  from space 10752K, 0% used [0x00000000f3580000,0x00000000f3580000,0x00000000f4000000)
  to   space 10752K, 0% used [0x00000000f2b00000,0x00000000f2b00000,0x00000000f3580000)
 ParOldGen       total 96256K, used 7635K [0x00000000c0000000, 0x00000000c5e00000, 0x00000000eab00000)
  object space 96256K, 7% used [0x00000000c0000000,0x00000000c0774fc8,0x00000000c5e00000)
 Metaspace       used 32651K, capacity 33752K, committed 33968K, reserved 1079296K
  class space    used 4419K, capacity 4699K, committed 4784K, reserved 1048576K
Event: 3.992 GC heap after
Heap after GC invocations=6 (full 1):
 PSYoungGen      total 141824K, used 10739K [0x00000000eab00000, 0x00000000f4000000, 0x0000000100000000)
  eden space 131072K, 0% used [0x00000000eab00000,0x00000000eab00000,0x00000000f2b00000)
  from space 10752K, 99% used [0x00000000f2b00000,0x00000000f357ce90,0x00000000f3580000)
  to   space 10752K, 0% used [0x00000000f3580000,0x00000000f3580000,0x00000000f4000000)
 ParOldGen       total 96256K, used 9933K [0x00000000c0000000, 0x00000000c5e00000, 0x00000000eab00000)
  object space 96256K, 10% used [0x00000000c0000000,0x00000000c09b3618,0x00000000c5e00000)
 Metaspace       used 32651K, capacity 33752K, committed 33968K, reserved 1079296K
  class space    used 4419K, capacity 4699K, committed 4784K, reserved 1048576K
}
Event: 4.308 GC heap before
{Heap before GC invocations=7 (full 1):
 PSYoungGen      total 141824K, used 43184K [0x00000000eab00000, 0x00000000f4000000, 0x0000000100000000)
  eden space 131072K, 24% used [0x00000000eab00000,0x00000000ecaaf2e8,0x00000000f2b00000)
  from space 10752K, 99% used [0x00000000f2b00000,0x00000000f357ce90,0x00000000f3580000)
  to   space 10752K, 0% used [0x00000000f3580000,0x00000000f3580000,0x00000000f4000000)
 ParOldGen       total 96256K, used 9933K [0x00000000c0000000, 0x00000000c5e00000, 0x00000000eab00000)
  object space 96256K, 10% used [0x00000000c0000000,0x00000000c09b3618,0x00000000c5e00000)
 Metaspace       used 34198K, capacity 35428K, committed 35496K, reserved 1079296K
  class space    used 4618K, capacity 4966K, committed 5032K, reserved 1048576K
Event: 4.320 GC heap after
Heap after GC invocations=7 (full 1):
 PSYoungGen      total 141824K, used 8440K [0x00000000eab00000, 0x00000000f4000000, 0x0000000100000000)
  eden space 131072K, 0% used [0x00000000eab00000,0x00000000eab00000,0x00000000f2b00000)
  from space 10752K, 78% used [0x00000000f3580000,0x00000000f3dbe2f8,0x00000000f4000000)
  to   space 10752K, 0% used [0x00000000f2b00000,0x00000000f2b00000,0x00000000f3580000)
 ParOldGen       total 96256K, used 9941K [0x00000000c0000000, 0x00000000c5e00000, 0x00000000eab00000)
  object space 96256K, 10% used [0x00000000c0000000,0x00000000c09b5618,0x00000000c5e00000)
 Metaspace       used 34198K, capacity 35428K, committed 35496K, reserved 1079296K
  class space    used 4618K, capacity 4966K, committed 5032K, reserved 1048576K
}
Event: 4.320 GC heap before
{Heap before GC invocations=8 (full 2):
 PSYoungGen      total 141824K, used 8440K [0x00000000eab00000, 0x00000000f4000000, 0x0000000100000000)
  eden space 131072K, 0% used [0x00000000eab00000,0x00000000eab00000,0x00000000f2b00000)
  from space 10752K, 78% used [0x00000000f3580000,0x00000000f3dbe2f8,0x00000000f4000000)
  to   space 10752K, 0% used [0x00000000f2b00000,0x00000000f2b00000,0x00000000f3580000)
 ParOldGen       total 96256K, used 9941K [0x00000000c0000000, 0x00000000c5e00000, 0x00000000eab00000)
  object space 96256K, 10% used [0x00000000c0000000,0x00000000c09b5618,0x00000000c5e00000)
 Metaspace       used 34198K, capacity 35428K, committed 35496K, reserved 1079296K
  class space    used 4618K, capacity 4966K, committed 5032K, reserved 1048576K
Event: 4.391 GC heap after
Heap after GC invocations=8 (full 2):
 PSYoungGen      total 141824K, used 0K [0x00000000eab00000, 0x00000000f4000000, 0x0000000100000000)
  eden space 131072K, 0% used [0x00000000eab00000,0x00000000eab00000,0x00000000f2b00000)
  from space 10752K, 0% used [0x00000000f3580000,0x00000000f3580000,0x00000000f4000000)
  to   space 10752K, 0% used [0x00000000f2b00000,0x00000000f2b00000,0x00000000f3580000)
 ParOldGen       total 151040K, used 15807K [0x00000000c0000000, 0x00000000c9380000, 0x00000000eab00000)
  object space 151040K, 10% used [0x00000000c0000000,0x00000000c0f6fcb8,0x00000000c9380000)
 Metaspace       used 34198K, capacity 35428K, committed 35496K, reserved 1079296K
  class space    used 4618K, capacity 4966K, committed 5032K, reserved 1048576K
}
Event: 5.552 GC heap before
{Heap before GC invocations=9 (full 2):
 PSYoungGen      total 141824K, used 131072K [0x00000000eab00000, 0x00000000f4000000, 0x0000000100000000)
  eden space 131072K, 100% used [0x00000000eab00000,0x00000000f2b00000,0x00000000f2b00000)
  from space 10752K, 0% used [0x00000000f3580000,0x00000000f3580000,0x00000000f4000000)
  to   space 10752K, 0% used [0x00000000f2b00000,0x00000000f2b00000,0x00000000f3580000)
 ParOldGen       total 151040K, used 15807K [0x00000000c0000000, 0x00000000c9380000, 0x00000000eab00000)
  object space 151040K, 10% used [0x00000000c0000000,0x00000000c0f6fcb8,0x00000000c9380000)
 Metaspace       used 41017K, capacity 42846K, committed 43048K, reserved 1085440K
  class space    used 5626K, capacity 6080K, committed 6184K, reserved 1048576K
Event: 5.569 GC heap after
Heap after GC invocations=9 (full 2):
 PSYoungGen      total 141824K, used 10741K [0x00000000eab00000, 0x00000000f4000000, 0x0000000100000000)
  eden space 131072K, 0% used [0x00000000eab00000,0x00000000eab00000,0x00000000f2b00000)
  from space 10752K, 99% used [0x00000000f2b00000,0x00000000f357d510,0x00000000f3580000)
  to   space 10752K, 0% used [0x00000000f3580000,0x00000000f3580000,0x00000000f4000000)
 ParOldGen       total 151040K, used 16815K [0x00000000c0000000, 0x00000000c9380000, 0x00000000eab00000)
  object space 151040K, 11% used [0x00000000c0000000,0x00000000c106be10,0x00000000c9380000)
 Metaspace       used 41017K, capacity 42846K, committed 43048K, reserved 1085440K
  class space    used 5626K, capacity 6080K, committed 6184K, reserved 1048576K
}

