# JRE version: OpenJDK Runtime Environment (8.0_242-b01) (build 1.8.0_242-release-1644-b01)
# Java VM: OpenJDK 64-Bit Server VM (25.242-b01 mixed mode windows-amd64 compressed oops)
Heap:
 PSYoungGen      total 183808K, used 80364K [0x00000000eab00000, 0x00000000f7400000, 0x0000000100000000)
  eden space 172032K, 39% used [0x00000000eab00000,0x00000000eedfbf50,0x00000000f5300000)
  from space 11776K, 99% used [0x00000000f5400000,0x00000000f5f7f320,0x00000000f5f80000)
  to   space 16896K, 0% used [0x00000000f6380000,0x00000000f6380000,0x00000000f7400000)
 ParOldGen       total 99328K, used 26004K [0x00000000c0000000, 0x00000000c6100000, 0x00000000eab00000)
  object space 99328K, 26% used [0x00000000c0000000,0x00000000c1965058,0x00000000c6100000)
 Metaspace       used 54791K, capacity 57116K, committed 57384K, reserved 1099776K
  class space    used 7355K, capacity 7890K, committed 7976K, reserved 1048576K
GC Heap History (10 events):
Event: 4.410 GC heap before
{Heap before GC invocations=7 (full 1):
 PSYoungGen      total 76288K, used 73077K [0x00000000eab00000, 0x00000000f2980000, 0x0000000100000000)
  eden space 65536K, 100% used [0x00000000eab00000,0x00000000eeb00000,0x00000000eeb00000)
  from space 10752K, 70% used [0x00000000eeb00000,0x00000000ef25d778,0x00000000ef580000)
  to   space 12800K, 0% used [0x00000000f1d00000,0x00000000f1d00000,0x00000000f2980000)
 ParOldGen       total 99328K, used 7640K [0x00000000c0000000, 0x00000000c6100000, 0x00000000eab00000)
  object space 99328K, 7% used [0x00000000c0000000,0x00000000c0776190,0x00000000c6100000)
 Metaspace       used 32654K, capacity 33744K, committed 33968K, reserved 1079296K
  class space    used 4415K, capacity 4711K, committed 4784K, reserved 1048576K
Event: 4.423 GC heap after
Heap after GC invocations=7 (full 1):
 PSYoungGen      total 117248K, used 8875K [0x00000000eab00000, 0x00000000f2980000, 0x0000000100000000)
  eden space 104448K, 0% used [0x00000000eab00000,0x00000000eab00000,0x00000000f1100000)
  from space 12800K, 69% used [0x00000000f1d00000,0x00000000f25aae90,0x00000000f2980000)
  to   space 12288K, 0% used [0x00000000f1100000,0x00000000f1100000,0x00000000f1d00000)
 ParOldGen       total 99328K, used 7648K [0x00000000c0000000, 0x00000000c6100000, 0x00000000eab00000)
  object space 99328K, 7% used [0x00000000c0000000,0x00000000c0778190,0x00000000c6100000)
 Metaspace       used 32654K, capacity 33744K, committed 33968K, reserved 1079296K
  class space    used 4415K, capacity 4711K, committed 4784K, reserved 1048576K
}
Event: 4.663 GC heap before
{Heap before GC invocations=8 (full 1):
 PSYoungGen      total 117248K, used 36216K [0x00000000eab00000, 0x00000000f2980000, 0x0000000100000000)
  eden space 104448K, 26% used [0x00000000eab00000,0x00000000ec5b3308,0x00000000f1100000)
  from space 12800K, 69% used [0x00000000f1d00000,0x00000000f25aae90,0x00000000f2980000)
  to   space 12288K, 0% used [0x00000000f1100000,0x00000000f1100000,0x00000000f1d00000)
 ParOldGen       total 99328K, used 7648K [0x00000000c0000000, 0x00000000c6100000, 0x00000000eab00000)
  object space 99328K, 7% used [0x00000000c0000000,0x00000000c0778190,0x00000000c6100000)
 Metaspace       used 34092K, capacity 35334K, committed 35496K, reserved 1079296K
  class space    used 4599K, capacity 4933K, committed 5032K, reserved 1048576K
Event: 4.675 GC heap after
Heap after GC invocations=8 (full 1):
 PSYoungGen      total 116736K, used 8389K [0x00000000eab00000, 0x00000000f6e00000, 0x0000000100000000)
  eden space 104448K, 0% used [0x00000000eab00000,0x00000000eab00000,0x00000000f1100000)
  from space 12288K, 68% used [0x00000000f1100000,0x00000000f19315c8,0x00000000f1d00000)
  to   space 11776K, 0% used [0x00000000f6280000,0x00000000f6280000,0x00000000f6e00000)
 ParOldGen       total 99328K, used 7656K [0x00000000c0000000, 0x00000000c6100000, 0x00000000eab00000)
  object space 99328K, 7% used [0x00000000c0000000,0x00000000c077a190,0x00000000c6100000)
 Metaspace       used 34092K, capacity 35334K, committed 35496K, reserved 1079296K
  class space    used 4599K, capacity 4933K, committed 5032K, reserved 1048576K
}
Event: 4.675 GC heap before
{Heap before GC invocations=9 (full 2):
 PSYoungGen      total 116736K, used 8389K [0x00000000eab00000, 0x00000000f6e00000, 0x0000000100000000)
  eden space 104448K, 0% used [0x00000000eab00000,0x00000000eab00000,0x00000000f1100000)
  from space 12288K, 68% used [0x00000000f1100000,0x00000000f19315c8,0x00000000f1d00000)
  to   space 11776K, 0% used [0x00000000f6280000,0x00000000f6280000,0x00000000f6e00000)
 ParOldGen       total 99328K, used 7656K [0x00000000c0000000, 0x00000000c6100000, 0x00000000eab00000)
  object space 99328K, 7% used [0x00000000c0000000,0x00000000c077a190,0x00000000c6100000)
 Metaspace       used 34092K, capacity 35334K, committed 35496K, reserved 1079296K
  class space    used 4599K, capacity 4933K, committed 5032K, reserved 1048576K
Event: 4.769 GC heap after
Heap after GC invocations=9 (full 2):
 PSYoungGen      total 116736K, used 0K [0x00000000eab00000, 0x00000000f6e00000, 0x0000000100000000)
  eden space 104448K, 0% used [0x00000000eab00000,0x00000000eab00000,0x00000000f1100000)
  from space 12288K, 0% used [0x00000000f1100000,0x00000000f1100000,0x00000000f1d00000)
  to   space 11776K, 0% used [0x00000000f6280000,0x00000000f6280000,0x00000000f6e00000)
 ParOldGen       total 99328K, used 15693K [0x00000000c0000000, 0x00000000c6100000, 0x00000000eab00000)
  object space 99328K, 15% used [0x00000000c0000000,0x00000000c0f53630,0x00000000c6100000)
 Metaspace       used 34092K, capacity 35334K, committed 35496K, reserved 1079296K
  class space    used 4599K, capacity 4933K, committed 5032K, reserved 1048576K
}
Event: 5.887 GC heap before
{Heap before GC invocations=10 (full 2):
 PSYoungGen      total 116736K, used 104448K [0x00000000eab00000, 0x00000000f6e00000, 0x0000000100000000)
  eden space 104448K, 100% used [0x00000000eab00000,0x00000000f1100000,0x00000000f1100000)
  from space 12288K, 0% used [0x00000000f1100000,0x00000000f1100000,0x00000000f1d00000)
  to   space 11776K, 0% used [0x00000000f6280000,0x00000000f6280000,0x00000000f6e00000)
 ParOldGen       total 99328K, used 15693K [0x00000000c0000000, 0x00000000c6100000, 0x00000000eab00000)
  object space 99328K, 15% used [0x00000000c0000000,0x00000000c0f53630,0x00000000c6100000)
 Metaspace       used 37893K, capacity 39616K, committed 39976K, reserved 1083392K
  class space    used 5179K, capacity 5551K, committed 5672K, reserved 1048576K
Event: 5.897 GC heap after
Heap after GC invocations=10 (full 2):
 PSYoungGen      total 151552K, used 8703K [0x00000000eab00000, 0x00000000f6b00000, 0x0000000100000000)
  eden space 142848K, 0% used [0x00000000eab00000,0x00000000eab00000,0x00000000f3680000)
  from space 8704K, 99% used [0x00000000f6280000,0x00000000f6affd90,0x00000000f6b00000)
  to   space 11776K, 0% used [0x00000000f5400000,0x00000000f5400000,0x00000000f5f80000)
 ParOldGen       total 99328K, used 15701K [0x00000000c0000000, 0x00000000c6100000, 0x00000000eab00000)
  object space 99328K, 15% used [0x00000000c0000000,0x00000000c0f55630,0x00000000c6100000)
 Metaspace       used 37893K, capacity 39616K, committed 39976K, reserved 1083392K
  class space    used 5179K, capacity 5551K, committed 5672K, reserved 1048576K
}
Event: 7.710 GC heap before
{Heap before GC invocations=11 (full 2):
 PSYoungGen      total 151552K, used 151551K [0x00000000eab00000, 0x00000000f6b00000, 0x0000000100000000)
  eden space 142848K, 100% used [0x00000000eab00000,0x00000000f3680000,0x00000000f3680000)
  from space 8704K, 99% used [0x00000000f6280000,0x00000000f6affd90,0x00000000f6b00000)
  to   space 11776K, 0% used [0x00000000f5400000,0x00000000f5400000,0x00000000f5f80000)
 ParOldGen       total 99328K, used 15701K [0x00000000c0000000, 0x00000000c6100000, 0x00000000eab00000)
  object space 99328K, 15% used [0x00000000c0000000,0x00000000c0f55630,0x00000000c6100000)
 Metaspace       used 52078K, capacity 54270K, committed 54312K, reserved 1095680K
  class space    used 6936K, capacity 7442K, committed 7464K, reserved 1048576K
Event: 7.728 GC heap after
Heap after GC invocations=11 (full 2):
 PSYoungGen      total 183808K, used 11772K [0x00000000eab00000, 0x00000000f7400000, 0x0000000100000000)
  eden space 172032K, 0% used [0x00000000eab00000,0x00000000eab00000,0x00000000f5300000)
  from space 11776K, 99% used [0x00000000f5400000,0x00000000f5f7f320,0x00000000f5f80000)
  to   space 16896K, 0% used [0x00000000f6380000,0x00000000f6380000,0x00000000f7400000)
 ParOldGen       total 99328K, used 26004K [0x00000000c0000000, 0x00000000c6100000, 0x00000000eab00000)
  object space 99328K, 26% used [0x00000000c0000000,0x00000000c1965058,0x00000000c6100000)
 Metaspace       used 52078K, capacity 54270K, committed 54312K, reserved 1095680K
  class space    used 6936K, capacity 7442K, committed 7464K, reserved 1048576K
}

