# JRE version: OpenJDK Runtime Environment (8.0_242-b01) (build 1.8.0_242-release-1644-b01)
# Java VM: OpenJDK 64-Bit Server VM (25.242-b01 mixed mode windows-amd64 compressed oops)
Heap:
 PSYoungGen      total 141824K, used 65385K [0x00000000eab00000, 0x00000000f4000000, 0x0000000100000000)
  eden space 131072K, 49% used [0x00000000eab00000,0x00000000eeada478,0x00000000f2b00000)
  from space 10752K, 0% used [0x00000000f3580000,0x00000000f3580000,0x00000000f4000000)
  to   space 10752K, 0% used [0x00000000f2b00000,0x00000000f2b00000,0x00000000f3580000)
 ParOldGen       total 145408K, used 15665K [0x00000000c0000000, 0x00000000c8e00000, 0x00000000eab00000)
  object space 145408K, 10% used [0x00000000c0000000,0x00000000c0f4c410,0x00000000c8e00000)
 Metaspace       used 36569K, capacity 38054K, committed 38184K, reserved 1081344K
  class space    used 5041K, capacity 5394K, committed 5416K, reserved 1048576K
GC Heap History (10 events):
Event: 2.697 GC heap before
{Heap before GC invocations=4 (full 0):
 PSYoungGen      total 76288K, used 17277K [0x00000000eab00000, 0x00000000f4000000, 0x0000000100000000)
  eden space 65536K, 9% used [0x00000000eab00000,0x00000000eb165540,0x00000000eeb00000)
  from space 10752K, 99% used [0x00000000eeb00000,0x00000000ef57a098,0x00000000ef580000)
  to   space 10752K, 0% used [0x00000000f3580000,0x00000000f3580000,0x00000000f4000000)
 ParOldGen       total 175104K, used 1416K [0x00000000c0000000, 0x00000000cab00000, 0x00000000eab00000)
  object space 175104K, 0% used [0x00000000c0000000,0x00000000c01620b0,0x00000000cab00000)
 Metaspace       used 20553K, capacity 21286K, committed 21296K, reserved 1067008K
  class space    used 2878K, capacity 3113K, committed 3120K, reserved 1048576K
Event: 2.707 GC heap after
Heap after GC invocations=4 (full 0):
 PSYoungGen      total 141824K, used 7760K [0x00000000eab00000, 0x00000000f4000000, 0x0000000100000000)
  eden space 131072K, 0% used [0x00000000eab00000,0x00000000eab00000,0x00000000f2b00000)
  from space 10752K, 72% used [0x00000000f3580000,0x00000000f3d14040,0x00000000f4000000)
  to   space 10752K, 0% used [0x00000000f2b00000,0x00000000f2b00000,0x00000000f3580000)
 ParOldGen       total 175104K, used 1424K [0x00000000c0000000, 0x00000000cab00000, 0x00000000eab00000)
  object space 175104K, 0% used [0x00000000c0000000,0x00000000c01640b0,0x00000000cab00000)
 Metaspace       used 20553K, capacity 21286K, committed 21296K, reserved 1067008K
  class space    used 2878K, capacity 3113K, committed 3120K, reserved 1048576K
}
Event: 2.707 GC heap before
{Heap before GC invocations=5 (full 1):
 PSYoungGen      total 141824K, used 7760K [0x00000000eab00000, 0x00000000f4000000, 0x0000000100000000)
  eden space 131072K, 0% used [0x00000000eab00000,0x00000000eab00000,0x00000000f2b00000)
  from space 10752K, 72% used [0x00000000f3580000,0x00000000f3d14040,0x00000000f4000000)
  to   space 10752K, 0% used [0x00000000f2b00000,0x00000000f2b00000,0x00000000f3580000)
 ParOldGen       total 175104K, used 1424K [0x00000000c0000000, 0x00000000cab00000, 0x00000000eab00000)
  object space 175104K, 0% used [0x00000000c0000000,0x00000000c01640b0,0x00000000cab00000)
 Metaspace       used 20553K, capacity 21286K, committed 21296K, reserved 1067008K
  class space    used 2878K, capacity 3113K, committed 3120K, reserved 1048576K
Event: 2.750 GC heap after
Heap after GC invocations=5 (full 1):
 PSYoungGen      total 141824K, used 0K [0x00000000eab00000, 0x00000000f4000000, 0x0000000100000000)
  eden space 131072K, 0% used [0x00000000eab00000,0x00000000eab00000,0x00000000f2b00000)
  from space 10752K, 0% used [0x00000000f3580000,0x00000000f3580000,0x00000000f4000000)
  to   space 10752K, 0% used [0x00000000f2b00000,0x00000000f2b00000,0x00000000f3580000)
 ParOldGen       total 95232K, used 7633K [0x00000000c0000000, 0x00000000c5d00000, 0x00000000eab00000)
  object space 95232K, 8% used [0x00000000c0000000,0x00000000c07746a8,0x00000000c5d00000)
 Metaspace       used 20553K, capacity 21286K, committed 21296K, reserved 1067008K
  class space    used 2878K, capacity 3113K, committed 3120K, reserved 1048576K
}
Event: 3.911 GC heap before
{Heap before GC invocations=6 (full 1):
 PSYoungGen      total 141824K, used 131072K [0x00000000eab00000, 0x00000000f4000000, 0x0000000100000000)
  eden space 131072K, 100% used [0x00000000eab00000,0x00000000f2b00000,0x00000000f2b00000)
  from space 10752K, 0% used [0x00000000f3580000,0x00000000f3580000,0x00000000f4000000)
  to   space 10752K, 0% used [0x00000000f2b00000,0x00000000f2b00000,0x00000000f3580000)
 ParOldGen       total 95232K, used 7633K [0x00000000c0000000, 0x00000000c5d00000, 0x00000000eab00000)
  object space 95232K, 8% used [0x00000000c0000000,0x00000000c07746a8,0x00000000c5d00000)
 Metaspace       used 32671K, capacity 33762K, committed 33968K, reserved 1079296K
  class space    used 4420K, capacity 4700K, committed 4784K, reserved 1048576K
Event: 3.925 GC heap after
Heap after GC invocations=6 (full 1):
 PSYoungGen      total 141824K, used 10751K [0x00000000eab00000, 0x00000000f4000000, 0x0000000100000000)
  eden space 131072K, 0% used [0x00000000eab00000,0x00000000eab00000,0x00000000f2b00000)
  from space 10752K, 99% used [0x00000000f2b00000,0x00000000f357fd28,0x00000000f3580000)
  to   space 10752K, 0% used [0x00000000f3580000,0x00000000f3580000,0x00000000f4000000)
 ParOldGen       total 95232K, used 9990K [0x00000000c0000000, 0x00000000c5d00000, 0x00000000eab00000)
  object space 95232K, 10% used [0x00000000c0000000,0x00000000c09c1ac8,0x00000000c5d00000)
 Metaspace       used 32671K, capacity 33762K, committed 33968K, reserved 1079296K
  class space    used 4420K, capacity 4700K, committed 4784K, reserved 1048576K
}
Event: 4.218 GC heap before
{Heap before GC invocations=7 (full 1):
 PSYoungGen      total 141824K, used 41344K [0x00000000eab00000, 0x00000000f4000000, 0x0000000100000000)
  eden space 131072K, 23% used [0x00000000eab00000,0x00000000ec8e0388,0x00000000f2b00000)
  from space 10752K, 99% used [0x00000000f2b00000,0x00000000f357fd28,0x00000000f3580000)
  to   space 10752K, 0% used [0x00000000f3580000,0x00000000f3580000,0x00000000f4000000)
 ParOldGen       total 95232K, used 9990K [0x00000000c0000000, 0x00000000c5d00000, 0x00000000eab00000)
  object space 95232K, 10% used [0x00000000c0000000,0x00000000c09c1ac8,0x00000000c5d00000)
 Metaspace       used 34110K, capacity 35334K, committed 35496K, reserved 1079296K
  class space    used 4597K, capacity 4933K, committed 5032K, reserved 1048576K
Event: 4.230 GC heap after
Heap after GC invocations=7 (full 1):
 PSYoungGen      total 141824K, used 8362K [0x00000000eab00000, 0x00000000f4000000, 0x0000000100000000)
  eden space 131072K, 0% used [0x00000000eab00000,0x00000000eab00000,0x00000000f2b00000)
  from space 10752K, 77% used [0x00000000f3580000,0x00000000f3daa928,0x00000000f4000000)
  to   space 10752K, 0% used [0x00000000f2b00000,0x00000000f2b00000,0x00000000f3580000)
 ParOldGen       total 95232K, used 9998K [0x00000000c0000000, 0x00000000c5d00000, 0x00000000eab00000)
  object space 95232K, 10% used [0x00000000c0000000,0x00000000c09c3ac8,0x00000000c5d00000)
 Metaspace       used 34110K, capacity 35334K, committed 35496K, reserved 1079296K
  class space    used 4597K, capacity 4933K, committed 5032K, reserved 1048576K
}
Event: 4.230 GC heap before
{Heap before GC invocations=8 (full 2):
 PSYoungGen      total 141824K, used 8362K [0x00000000eab00000, 0x00000000f4000000, 0x0000000100000000)
  eden space 131072K, 0% used [0x00000000eab00000,0x00000000eab00000,0x00000000f2b00000)
  from space 10752K, 77% used [0x00000000f3580000,0x00000000f3daa928,0x00000000f4000000)
  to   space 10752K, 0% used [0x00000000f2b00000,0x00000000f2b00000,0x00000000f3580000)
 ParOldGen       total 95232K, used 9998K [0x00000000c0000000, 0x00000000c5d00000, 0x00000000eab00000)
  object space 95232K, 10% used [0x00000000c0000000,0x00000000c09c3ac8,0x00000000c5d00000)
 Metaspace       used 34110K, capacity 35334K, committed 35496K, reserved 1079296K
  class space    used 4597K, capacity 4933K, committed 5032K, reserved 1048576K
Event: 4.292 GC heap after
Heap after GC invocations=8 (full 2):
 PSYoungGen      total 141824K, used 0K [0x00000000eab00000, 0x00000000f4000000, 0x0000000100000000)
  eden space 131072K, 0% used [0x00000000eab00000,0x00000000eab00000,0x00000000f2b00000)
  from space 10752K, 0% used [0x00000000f3580000,0x00000000f3580000,0x00000000f4000000)
  to   space 10752K, 0% used [0x00000000f2b00000,0x00000000f2b00000,0x00000000f3580000)
 ParOldGen       total 145408K, used 15665K [0x00000000c0000000, 0x00000000c8e00000, 0x00000000eab00000)
  object space 145408K, 10% used [0x00000000c0000000,0x00000000c0f4c410,0x00000000c8e00000)
 Metaspace       used 34110K, capacity 35334K, committed 35496K, reserved 1079296K
  class space    used 4597K, capacity 4933K, committed 5032K, reserved 1048576K
}

